<?xml version="1.0"?>
<testsuite name="Chrome Headless 128.0.0.0 (Linux x86_64)" package="" timestamp="2024-08-28T07:21:23" id="0" hostname="7786d7c2d2af" tests="3" errors="0" failures="0" time="0.07">
  <properties>
    <property name="browser.fullName" value="Mozilla/5.0 (X11; Linux x86_64) AppleWebKit/537.36 (KHTML, like Gecko) HeadlessChrome/128.0.0.0 Safari/537.36"/>
  </properties>
  <testcase name="AppComponent should have the 'my-app' title" time="0.061" classname="AppComponent"/>
  <testcase name="AppComponent should create the app" time="0.003" classname="AppComponent"/>
  <testcase name="AppComponent should render title" time="0.006" classname="AppComponent"/>
  <system-out>
    <![CDATA[
]]>
  </system-out>
  <system-err/>
</testsuite>